<?xml version="1.0" encoding="UTF-8"?>
<testsuite xmlns:xsi="http://www.w3.org/2001/XMLSchema-instance" xsi:noNamespaceSchemaLocation="https://maven.apache.org/surefire/maven-surefire-plugin/xsd/surefire-test-report.xsd" version="3.0.2" name="runners.TestRunner" time="73.732" tests="7" errors="0" skipped="0" failures="0">
  <properties>
[...]
</properties>
  <testcase name="runScenario[&quot;Search Laptop&quot;, &quot;Amazon End To End Flow&quot;](1)" classname="runners.TestRunner" time="9.243">
    <system-out><![CDATA[
Scenario: Search Laptop                   &amp#27;[90m# src/test/resources/features/AmazonEndToEnd.feature:3&amp#27;[0m
  &amp#27;[32mGiven &amp#27;[0m&amp#27;[32mUser opens Amazon&amp#27;[0m                 &amp#27;[90m# stepdefinitions.SearchSteps.openAmazon()&amp#27;[0m
  &amp#27;[32mWhen &amp#27;[0m&amp#27;[32mUser searches for &amp#27;[0m&amp#27;[32m&amp#27;[1m"Laptop"&amp#27;[0m         &amp#27;[90m# stepdefinitions.SearchSteps.searchProduct(java.lang.String)&amp#27;[0m
  &amp#27;[32mThen &amp#27;[0m&amp#27;[32mSearch results should be displayed&amp#27;[0m &amp#27;[90m# stepdefinitions.SearchSteps.verifyResults()&amp#27;[0m
]]></system-out>
    <system-err><![CDATA[SLF4J: Failed to load class "org.slf4j.impl.StaticLoggerBinder".
SLF4J: Defaulting to no-operation (NOP) logger implementation
SLF4J: See http://www.slf4j.org/codes.html#StaticLoggerBinder for further details.
Jun 22, 2026 3:52:49 PM org.openqa.selenium.devtools.CdpVersionFinder findNearestMatch
WARNING: Unable to find CDP implementation matching 149
Jun 22, 2026 3:52:49 PM org.openqa.selenium.chromium.ChromiumDriver lambda$new$5
WARNING: Unable to find version of CDP to use for 149.0.7827.116. You may need to include a dependency on a specific version of the CDP using something similar to `org.seleniumhq.selenium:selenium-devtools-v86:4.21.0` where the version ("v86") matches the version of the chromium-based browser you're using and the version number of the artifact is the same as Selenium's.
]]></system-err>
  </testcase>
  <testcase name="runScenario[&quot;Sort Products&quot;, &quot;Amazon End To End Flow&quot;](2)" classname="runners.TestRunner" time="8.739">
    <system-out><![CDATA[
Scenario: Sort Products           &amp#27;[90m# src/test/resources/features/AmazonEndToEnd.feature:9&amp#27;[0m
  &amp#27;[32mGiven &amp#27;[0m&amp#27;[32mUser opens Amazon&amp#27;[0m         &amp#27;[90m# stepdefinitions.SearchSteps.openAmazon()&amp#27;[0m
  &amp#27;[32mWhen &amp#27;[0m&amp#27;[32mUser searches for &amp#27;[0m&amp#27;[32m&amp#27;[1m"Mobile"&amp#27;[0m &amp#27;[90m# stepdefinitions.SearchSteps.searchProduct(java.lang.String)&amp#27;[0m
  &amp#27;[32mAnd &amp#27;[0m&amp#27;[32mUser sorts by Low To High&amp#27;[0m   &amp#27;[90m# stepdefinitions.SortSteps.sortProducts()&amp#27;[0m
Sorting Applied Successfully
  &amp#27;[32mThen &amp#27;[0m&amp#27;[32mProducts should be sorted&amp#27;[0m  &amp#27;[90m# stepdefinitions.SortSteps.verifySortResults()&amp#27;[0m
]]></system-out>
    <system-err><![CDATA[Jun 22, 2026 3:52:56 PM org.openqa.selenium.devtools.CdpVersionFinder findNearestMatch
WARNING: Unable to find CDP implementation matching 149
Jun 22, 2026 3:52:56 PM org.openqa.selenium.chromium.ChromiumDriver lambda$new$5
WARNING: Unable to find version of CDP to use for 149.0.7827.116. You may need to include a dependency on a specific version of the CDP using something similar to `org.seleniumhq.selenium:selenium-devtools-v86:4.21.0` where the version ("v86") matches the version of the chromium-based browser you're using and the version number of the artifact is the same as Selenium's.
]]></system-err>
  </testcase>
  <testcase name="runScenario[&quot;Open First Product&quot;, &quot;Amazon End To End Flow&quot;](3)" classname="runners.TestRunner" time="11.213">
    <system-out><![CDATA[
Scenario: Open First Product           &amp#27;[90m# src/test/resources/features/AmazonEndToEnd.feature:16&amp#27;[0m
  &amp#27;[32mGiven &amp#27;[0m&amp#27;[32mUser opens Amazon&amp#27;[0m              &amp#27;[90m# stepdefinitions.SearchSteps.openAmazon()&amp#27;[0m
  &amp#27;[32mWhen &amp#27;[0m&amp#27;[32mUser searches for &amp#27;[0m&amp#27;[32m&amp#27;[1m"Laptop"&amp#27;[0m      &amp#27;[90m# stepdefinitions.SearchSteps.searchProduct(java.lang.String)&amp#27;[0m
Products Found = 22
Opening Product = Apple 2026 MacBook Neo 13″ Laptop with A18 Pro chip: Built for AI and Apple Intelligence, Liquid Retina Display, 8GB Unified Memory, 256GB SSD Storage, 1080p FaceTime HD Camera; Indigo
  &amp#27;[32mAnd &amp#27;[0m&amp#27;[32mUser opens first product&amp#27;[0m         &amp#27;[90m# stepdefinitions.ProductSteps.openProduct()&amp#27;[0m
Product Title = 
  &amp#27;[32mThen &amp#27;[0m&amp#27;[32mProduct title should be visible&amp#27;[0m &amp#27;[90m# stepdefinitions.ProductSteps.verifyTitle()&amp#27;[0m
]]></system-out>
    <system-err><![CDATA[Jun 22, 2026 3:53:05 PM org.openqa.selenium.devtools.CdpVersionFinder findNearestMatch
WARNING: Unable to find CDP implementation matching 149
Jun 22, 2026 3:53:05 PM org.openqa.selenium.chromium.ChromiumDriver lambda$new$5
WARNING: Unable to find version of CDP to use for 149.0.7827.116. You may need to include a dependency on a specific version of the CDP using something similar to `org.seleniumhq.selenium:selenium-devtools-v86:4.21.0` where the version ("v86") matches the version of the chromium-based browser you're using and the version number of the artifact is the same as Selenium's.
]]></system-err>
  </testcase>
  <testcase name="runScenario[&quot;Open Today&apos;s Deals&quot;, &quot;Amazon End To End Flow&quot;](4)" classname="runners.TestRunner" time="5.484">
    <system-out><![CDATA[
Scenario: Open Today's Deals          &amp#27;[90m# src/test/resources/features/AmazonEndToEnd.feature:23&amp#27;[0m
  &amp#27;[32mGiven &amp#27;[0m&amp#27;[32mUser opens Amazon&amp#27;[0m             &amp#27;[90m# stepdefinitions.SearchSteps.openAmazon()&amp#27;[0m
  &amp#27;[32mWhen &amp#27;[0m&amp#27;[32mUser clicks Today's Deals&amp#27;[0m      &amp#27;[90m# stepdefinitions.DealsSteps.clickDeals()&amp#27;[0m
  &amp#27;[32mThen &amp#27;[0m&amp#27;[32mDeals page should be displayed&amp#27;[0m &amp#27;[90m# stepdefinitions.DealsSteps.verifyDeals()&amp#27;[0m
]]></system-out>
    <system-err><![CDATA[Jun 22, 2026 3:53:16 PM org.openqa.selenium.devtools.CdpVersionFinder findNearestMatch
WARNING: Unable to find CDP implementation matching 149
Jun 22, 2026 3:53:16 PM org.openqa.selenium.chromium.ChromiumDriver lambda$new$5
WARNING: Unable to find version of CDP to use for 149.0.7827.116. You may need to include a dependency on a specific version of the CDP using something similar to `org.seleniumhq.selenium:selenium-devtools-v86:4.21.0` where the version ("v86") matches the version of the chromium-based browser you're using and the version number of the artifact is the same as Selenium's.
]]></system-err>
  </testcase>
  <testcase name="runScenario[&quot;Open Customer Reviews&quot;, &quot;Amazon End To End Flow&quot;](5)" classname="runners.TestRunner" time="14.09">
    <system-out><![CDATA[
Scenario: Open Customer Reviews             &amp#27;[90m# src/test/resources/features/AmazonEndToEnd.feature:29&amp#27;[0m
  &amp#27;[32mGiven &amp#27;[0m&amp#27;[32mUser opens Amazon&amp#27;[0m                   &amp#27;[90m# stepdefinitions.SearchSteps.openAmazon()&amp#27;[0m
  &amp#27;[32mWhen &amp#27;[0m&amp#27;[32mUser searches for &amp#27;[0m&amp#27;[32m&amp#27;[1m"Laptop"&amp#27;[0m           &amp#27;[90m# stepdefinitions.SearchSteps.searchProduct(java.lang.String)&amp#27;[0m
Products Found = 22
Opening Product = Apple 2026 MacBook Neo 13″ Laptop with A18 Pro chip: Built for AI and Apple Intelligence, Liquid Retina Display, 8GB Unified Memory, 256GB SSD Storage, 1080p FaceTime HD Camera; Indigo
  &amp#27;[32mAnd &amp#27;[0m&amp#27;[32mUser opens first product&amp#27;[0m              &amp#27;[90m# stepdefinitions.ProductSteps.openProduct()&amp#27;[0m
Reached Customer Reviews Section
  &amp#27;[32mAnd &amp#27;[0m&amp#27;[32mUser opens customer reviews&amp#27;[0m           &amp#27;[90m# stepdefinitions.ReviewSteps.openReviews()&amp#27;[0m
  &amp#27;[32mThen &amp#27;[0m&amp#27;[32mCustomer reviews should be displayed&amp#27;[0m &amp#27;[90m# stepdefinitions.ReviewSteps.verifyReviews()&amp#27;[0m
]]></system-out>
    <system-err><![CDATA[Jun 22, 2026 3:53:22 PM org.openqa.selenium.devtools.CdpVersionFinder findNearestMatch
WARNING: Unable to find CDP implementation matching 149
Jun 22, 2026 3:53:22 PM org.openqa.selenium.chromium.ChromiumDriver lambda$new$5
WARNING: Unable to find version of CDP to use for 149.0.7827.116. You may need to include a dependency on a specific version of the CDP using something similar to `org.seleniumhq.selenium:selenium-devtools-v86:4.21.0` where the version ("v86") matches the version of the chromium-based browser you're using and the version number of the artifact is the same as Selenium's.
]]></system-err>
  </testcase>
  <testcase name="runScenario[&quot;Add Item To Cart&quot;, &quot;Amazon End To End Flow&quot;](6)" classname="runners.TestRunner" time="19.442">
    <system-out><![CDATA[
Scenario: Add Item To Cart             &amp#27;[90m# src/test/resources/features/AmazonEndToEnd.feature:37&amp#27;[0m
  &amp#27;[32mGiven &amp#27;[0m&amp#27;[32mUser opens Amazon&amp#27;[0m              &amp#27;[90m# stepdefinitions.SearchSteps.openAmazon()&amp#27;[0m
  &amp#27;[32mWhen &amp#27;[0m&amp#27;[32mUser searches for &amp#27;[0m&amp#27;[32m&amp#27;[1m"Laptop"&amp#27;[0m      &amp#27;[90m# stepdefinitions.SearchSteps.searchProduct(java.lang.String)&amp#27;[0m
Products Found = 22
Opening Product = Apple 2026 MacBook Neo 13″ Laptop with A18 Pro chip: Built for AI and Apple Intelligence, Liquid Retina Display, 8GB Unified Memory, 256GB SSD Storage, 1080p FaceTime HD Camera; Indigo
  &amp#27;[32mAnd &amp#27;[0m&amp#27;[32mUser opens first product&amp#27;[0m         &amp#27;[90m# stepdefinitions.ProductSteps.openProduct()&amp#27;[0m
Add To Cart Buttons = 2
Clicked Add To Cart
  &amp#27;[32mAnd &amp#27;[0m&amp#27;[32mUser adds item to cart&amp#27;[0m           &amp#27;[90m# stepdefinitions.CartSteps.addCart()&amp#27;[0m
Added Successfully
  &amp#27;[32mThen &amp#27;[0m&amp#27;[32mProduct should be added to cart&amp#27;[0m &amp#27;[90m# stepdefinitions.CartSteps.verifyCart()&amp#27;[0m
]]></system-out>
    <system-err><![CDATA[Jun 22, 2026 3:53:36 PM org.openqa.selenium.devtools.CdpVersionFinder findNearestMatch
WARNING: Unable to find CDP implementation matching 149
Jun 22, 2026 3:53:36 PM org.openqa.selenium.chromium.ChromiumDriver lambda$new$5
WARNING: Unable to find version of CDP to use for 149.0.7827.116. You may need to include a dependency on a specific version of the CDP using something similar to `org.seleniumhq.selenium:selenium-devtools-v86:4.21.0` where the version ("v86") matches the version of the chromium-based browser you're using and the version number of the artifact is the same as Selenium's.
]]></system-err>
  </testcase>
  <testcase name="runScenario[&quot;Change Delivery Location&quot;, &quot;Amazon End To End Flow&quot;](7)" classname="runners.TestRunner" time="4.063">
    <system-out><![CDATA[
Scenario: Change Delivery Location                 &amp#27;[90m# src/test/resources/features/AmazonEndToEnd.feature:45&amp#27;[0m
  &amp#27;[32mGiven &amp#27;[0m&amp#27;[32mUser opens Amazon&amp#27;[0m                          &amp#27;[90m# stepdefinitions.SearchSteps.openAmazon()&amp#27;[0m
  &amp#27;[32mWhen &amp#27;[0m&amp#27;[32mUser updates delivery location&amp#27;[0m              &amp#27;[90m# stepdefinitions.DeliverySteps.updateLocation()&amp#27;[0m
  &amp#27;[32mThen &amp#27;[0m&amp#27;[32mDelivery location popup should be displayed&amp#27;[0m &amp#27;[90m# stepdefinitions.DeliverySteps.verifyPopup()&amp#27;[0m
]]></system-out>
    <system-err><![CDATA[Jun 22, 2026 3:53:55 PM org.openqa.selenium.devtools.CdpVersionFinder findNearestMatch
WARNING: Unable to find CDP implementation matching 149
Jun 22, 2026 3:53:55 PM org.openqa.selenium.chromium.ChromiumDriver lambda$new$5
WARNING: Unable to find version of CDP to use for 149.0.7827.116. You may need to include a dependency on a specific version of the CDP using something similar to `org.seleniumhq.selenium:selenium-devtools-v86:4.21.0` where the version ("v86") matches the version of the chromium-based browser you're using and the version number of the artifact is the same as Selenium's.
]]></system-err>
  </testcase>
</testsuite>