<?xml version="1.0" encoding="UTF-8"?>
<testng-results ignored="0" total="7" passed="7" failed="0" skipped="0">
  <reporter-output>
  </reporter-output>
  <suite started-at="2026-06-22T15:52:46 IST" name="Surefire suite" finished-at="2026-06-22T15:53:59 IST" duration-ms="73017">
    <groups>
      <group name="cucumber">
        <method signature="AbstractTestNGCucumberTests.runScenario(io.cucumber.testng.PickleWrapper,io.cucumber.testng.FeatureWrapper)[pri:0, instance:runners.TestRunner@1cbbffcd]" name="runScenario" class="io.cucumber.testng.AbstractTestNGCucumberTests"/>
      </group> <!-- cucumber -->
    </groups>
    <test started-at="2026-06-22T15:52:46 IST" name="Surefire test" finished-at="2026-06-22T15:53:59 IST" duration-ms="73017">
      <class name="runners.TestRunner">
        <test-method is-config="true" signature="setUpClass(org.testng.ITestContext)[pri:0, instance:runners.TestRunner@1cbbffcd]" started-at="2026-06-22T15:52:46 IST" name="setUpClass" finished-at="2026-06-22T15:52:46 IST" duration-ms="666" status="PASS">
          <params>
            <param index="0">
              <value>
                <![CDATA[org.testng.TestRunner@5f9f3e58]]>
              </value>
            </param>
          </params>
          <reporter-output>
          </reporter-output>
        </test-method> <!-- setUpClass -->
        <test-method signature="runScenario(io.cucumber.testng.PickleWrapper,io.cucumber.testng.FeatureWrapper)[pri:0, instance:runners.TestRunner@1cbbffcd]" started-at="2026-06-22T15:52:46 IST" name="runScenario" description="Runs Cucumber Scenarios" data-provider="scenarios" finished-at="2026-06-22T15:52:55 IST" duration-ms="9242" status="PASS">
          <params>
            <param index="0">
              <value>
                <![CDATA["Search Laptop"]]>
              </value>
            </param>
            <param index="1">
              <value>
                <![CDATA["Amazon End To End Flow"]]>
              </value>
            </param>
          </params>
          <reporter-output>
          </reporter-output>
        </test-method> <!-- runScenario -->
        <test-method signature="runScenario(io.cucumber.testng.PickleWrapper,io.cucumber.testng.FeatureWrapper)[pri:0, instance:runners.TestRunner@1cbbffcd]" started-at="2026-06-22T15:52:55 IST" name="runScenario" description="Runs Cucumber Scenarios" data-provider="scenarios" finished-at="2026-06-22T15:53:04 IST" duration-ms="8739" status="PASS">
          <params>
            <param index="0">
              <value>
                <![CDATA["Sort Products"]]>
              </value>
            </param>
            <param index="1">
              <value>
                <![CDATA["Amazon End To End Flow"]]>
              </value>
            </param>
          </params>
          <reporter-output>
          </reporter-output>
        </test-method> <!-- runScenario -->
        <test-method signature="runScenario(io.cucumber.testng.PickleWrapper,io.cucumber.testng.FeatureWrapper)[pri:0, instance:runners.TestRunner@1cbbffcd]" started-at="2026-06-22T15:53:04 IST" name="runScenario" description="Runs Cucumber Scenarios" data-provider="scenarios" finished-at="2026-06-22T15:53:15 IST" duration-ms="11213" status="PASS">
          <params>
            <param index="0">
              <value>
                <![CDATA["Open First Product"]]>
              </value>
            </param>
            <param index="1">
              <value>
                <![CDATA["Amazon End To End Flow"]]>
              </value>
            </param>
          </params>
          <reporter-output>
          </reporter-output>
        </test-method> <!-- runScenario -->
        <test-method signature="runScenario(io.cucumber.testng.PickleWrapper,io.cucumber.testng.FeatureWrapper)[pri:0, instance:runners.TestRunner@1cbbffcd]" started-at="2026-06-22T15:53:15 IST" name="runScenario" description="Runs Cucumber Scenarios" data-provider="scenarios" finished-at="2026-06-22T15:53:21 IST" duration-ms="5484" status="PASS">
          <params>
            <param index="0">
              <value>
                <![CDATA["Open Today's Deals"]]>
              </value>
            </param>
            <param index="1">
              <value>
                <![CDATA["Amazon End To End Flow"]]>
              </value>
            </param>
          </params>
          <reporter-output>
          </reporter-output>
        </test-method> <!-- runScenario -->
        <test-method signature="runScenario(io.cucumber.testng.PickleWrapper,io.cucumber.testng.FeatureWrapper)[pri:0, instance:runners.TestRunner@1cbbffcd]" started-at="2026-06-22T15:53:21 IST" name="runScenario" description="Runs Cucumber Scenarios" data-provider="scenarios" finished-at="2026-06-22T15:53:35 IST" duration-ms="14090" status="PASS">
          <params>
            <param index="0">
              <value>
                <![CDATA["Open Customer Reviews"]]>
              </value>
            </param>
            <param index="1">
              <value>
                <![CDATA["Amazon End To End Flow"]]>
              </value>
            </param>
          </params>
          <reporter-output>
          </reporter-output>
        </test-method> <!-- runScenario -->
        <test-method signature="runScenario(io.cucumber.testng.PickleWrapper,io.cucumber.testng.FeatureWrapper)[pri:0, instance:runners.TestRunner@1cbbffcd]" started-at="2026-06-22T15:53:35 IST" name="runScenario" description="Runs Cucumber Scenarios" data-provider="scenarios" finished-at="2026-06-22T15:53:54 IST" duration-ms="19443" status="PASS">
          <params>
            <param index="0">
              <value>
                <![CDATA["Add Item To Cart"]]>
              </value>
            </param>
            <param index="1">
              <value>
                <![CDATA["Amazon End To End Flow"]]>
              </value>
            </param>
          </params>
          <reporter-output>
          </reporter-output>
        </test-method> <!-- runScenario -->
        <test-method signature="runScenario(io.cucumber.testng.PickleWrapper,io.cucumber.testng.FeatureWrapper)[pri:0, instance:runners.TestRunner@1cbbffcd]" started-at="2026-06-22T15:53:54 IST" name="runScenario" description="Runs Cucumber Scenarios" data-provider="scenarios" finished-at="2026-06-22T15:53:59 IST" duration-ms="4063" status="PASS">
          <params>
            <param index="0">
              <value>
                <![CDATA["Change Delivery Location"]]>
              </value>
            </param>
            <param index="1">
              <value>
                <![CDATA["Amazon End To End Flow"]]>
              </value>
            </param>
          </params>
          <reporter-output>
          </reporter-output>
        </test-method> <!-- runScenario -->
        <test-method is-config="true" signature="tearDownClass()[pri:0, instance:runners.TestRunner@1cbbffcd]" started-at="2026-06-22T15:53:59 IST" name="tearDownClass" finished-at="2026-06-22T15:53:59 IST" duration-ms="28" status="PASS">
          <reporter-output>
          </reporter-output>
        </test-method> <!-- tearDownClass -->
      </class> <!-- runners.TestRunner -->
    </test> <!-- Surefire test -->
  </suite> <!-- Surefire suite -->
</testng-results>
