<?xml version="1.0" encoding="UTF-8"?>
<testng-results ignored="0" total="7" passed="7" failed="0" skipped="0">
  <reporter-output>
  </reporter-output>
  <suite started-at="2026-06-22T00:21:05 IST" name="Surefire suite" finished-at="2026-06-22T00:22:47 IST" duration-ms="101672">
    <groups>
      <group name="cucumber">
        <method signature="AbstractTestNGCucumberTests.runScenario(io.cucumber.testng.PickleWrapper,io.cucumber.testng.FeatureWrapper)[pri:0, instance:runners.TestRunner@39529185]" name="runScenario" class="io.cucumber.testng.AbstractTestNGCucumberTests"/>
      </group> <!-- cucumber -->
    </groups>
    <test started-at="2026-06-22T00:21:05 IST" name="Surefire test" finished-at="2026-06-22T00:22:47 IST" duration-ms="101672">
      <class name="runners.TestRunner">
        <test-method is-config="true" signature="setUpClass(org.testng.ITestContext)[pri:0, instance:runners.TestRunner@39529185]" started-at="2026-06-22T00:21:05 IST" name="setUpClass" finished-at="2026-06-22T00:21:06 IST" duration-ms="935" status="PASS">
          <params>
            <param index="0">
              <value>
                <![CDATA[org.testng.TestRunner@1a01d7f0]]>
              </value>
            </param>
          </params>
          <reporter-output>
          </reporter-output>
        </test-method> <!-- setUpClass -->
        <test-method signature="runScenario(io.cucumber.testng.PickleWrapper,io.cucumber.testng.FeatureWrapper)[pri:0, instance:runners.TestRunner@39529185]" started-at="2026-06-22T00:21:06 IST" name="runScenario" description="Runs Cucumber Scenarios" data-provider="scenarios" finished-at="2026-06-22T00:21:18 IST" duration-ms="11951" status="PASS">
          <params>
            <param index="0">
              <value>
                <![CDATA["Search Laptop"]]>
              </value>
            </param>
            <param index="1">
              <value>
                <![CDATA["Amazon End To End Flow"]]>
              </value>
            </param>
          </params>
          <reporter-output>
          </reporter-output>
        </test-method> <!-- runScenario -->
        <test-method signature="runScenario(io.cucumber.testng.PickleWrapper,io.cucumber.testng.FeatureWrapper)[pri:0, instance:runners.TestRunner@39529185]" started-at="2026-06-22T00:21:18 IST" name="runScenario" description="Runs Cucumber Scenarios" data-provider="scenarios" finished-at="2026-06-22T00:21:34 IST" duration-ms="16099" status="PASS">
          <params>
            <param index="0">
              <value>
                <![CDATA["Sort Products"]]>
              </value>
            </param>
            <param index="1">
              <value>
                <![CDATA["Amazon End To End Flow"]]>
              </value>
            </param>
          </params>
          <reporter-output>
          </reporter-output>
        </test-method> <!-- runScenario -->
        <test-method signature="runScenario(io.cucumber.testng.PickleWrapper,io.cucumber.testng.FeatureWrapper)[pri:0, instance:runners.TestRunner@39529185]" started-at="2026-06-22T00:21:34 IST" name="runScenario" description="Runs Cucumber Scenarios" data-provider="scenarios" finished-at="2026-06-22T00:21:50 IST" duration-ms="15614" status="PASS">
          <params>
            <param index="0">
              <value>
                <![CDATA["Open First Product"]]>
              </value>
            </param>
            <param index="1">
              <value>
                <![CDATA["Amazon End To End Flow"]]>
              </value>
            </param>
          </params>
          <reporter-output>
          </reporter-output>
        </test-method> <!-- runScenario -->
        <test-method signature="runScenario(io.cucumber.testng.PickleWrapper,io.cucumber.testng.FeatureWrapper)[pri:0, instance:runners.TestRunner@39529185]" started-at="2026-06-22T00:21:50 IST" name="runScenario" description="Runs Cucumber Scenarios" data-provider="scenarios" finished-at="2026-06-22T00:21:57 IST" duration-ms="7583" status="PASS">
          <params>
            <param index="0">
              <value>
                <![CDATA["Open Today's Deals"]]>
              </value>
            </param>
            <param index="1">
              <value>
                <![CDATA["Amazon End To End Flow"]]>
              </value>
            </param>
          </params>
          <reporter-output>
          </reporter-output>
        </test-method> <!-- runScenario -->
        <test-method signature="runScenario(io.cucumber.testng.PickleWrapper,io.cucumber.testng.FeatureWrapper)[pri:0, instance:runners.TestRunner@39529185]" started-at="2026-06-22T00:21:57 IST" name="runScenario" description="Runs Cucumber Scenarios" data-provider="scenarios" finished-at="2026-06-22T00:22:16 IST" duration-ms="19194" status="PASS">
          <params>
            <param index="0">
              <value>
                <![CDATA["Open Customer Reviews"]]>
              </value>
            </param>
            <param index="1">
              <value>
                <![CDATA["Amazon End To End Flow"]]>
              </value>
            </param>
          </params>
          <reporter-output>
          </reporter-output>
        </test-method> <!-- runScenario -->
        <test-method signature="runScenario(io.cucumber.testng.PickleWrapper,io.cucumber.testng.FeatureWrapper)[pri:0, instance:runners.TestRunner@39529185]" started-at="2026-06-22T00:22:16 IST" name="runScenario" description="Runs Cucumber Scenarios" data-provider="scenarios" finished-at="2026-06-22T00:22:40 IST" duration-ms="24080" status="PASS">
          <params>
            <param index="0">
              <value>
                <![CDATA["Add Item To Cart"]]>
              </value>
            </param>
            <param index="1">
              <value>
                <![CDATA["Amazon End To End Flow"]]>
              </value>
            </param>
          </params>
          <reporter-output>
          </reporter-output>
        </test-method> <!-- runScenario -->
        <test-method signature="runScenario(io.cucumber.testng.PickleWrapper,io.cucumber.testng.FeatureWrapper)[pri:0, instance:runners.TestRunner@39529185]" started-at="2026-06-22T00:22:40 IST" name="runScenario" description="Runs Cucumber Scenarios" data-provider="scenarios" finished-at="2026-06-22T00:22:46 IST" duration-ms="6110" status="PASS">
          <params>
            <param index="0">
              <value>
                <![CDATA["Change Delivery Location"]]>
              </value>
            </param>
            <param index="1">
              <value>
                <![CDATA["Amazon End To End Flow"]]>
              </value>
            </param>
          </params>
          <reporter-output>
          </reporter-output>
        </test-method> <!-- runScenario -->
        <test-method is-config="true" signature="tearDownClass()[pri:0, instance:runners.TestRunner@39529185]" started-at="2026-06-22T00:22:46 IST" name="tearDownClass" finished-at="2026-06-22T00:22:47 IST" duration-ms="30" status="PASS">
          <reporter-output>
          </reporter-output>
        </test-method> <!-- tearDownClass -->
      </class> <!-- runners.TestRunner -->
    </test> <!-- Surefire test -->
  </suite> <!-- Surefire suite -->
</testng-results>
