<?xml version="1.0" encoding="UTF-8"?>
<!-- Generated by org.testng.reporters.JUnitReportReporter -->
<testsuite hostname="Sharvani" failures="0" tests="7" name="runners.TestRunner" time="72.274" errors="0" timestamp="2026-06-22T15:53:59 IST" skipped="0">
  <testcase classname="runners.TestRunner" name="runScenario" time="5.484"/>
  <testcase classname="runners.TestRunner" name="runScenario" time="11.213"/>
  <testcase classname="runners.TestRunner" name="runScenario" time="19.443"/>
  <testcase classname="runners.TestRunner" name="runScenario" time="9.242"/>
  <testcase classname="runners.TestRunner" name="runScenario" time="8.739"/>
  <testcase classname="runners.TestRunner" name="runScenario" time="4.063"/>
  <testcase classname="runners.TestRunner" name="runScenario" time="14.090"/>
</testsuite> <!-- runners.TestRunner -->
