<?xml version="1.0" encoding="UTF-8"?>
<!-- Generated by org.testng.reporters.JUnitReportReporter -->
<testsuite hostname="Hemanth-Laptop" failures="0" tests="7" name="runners.TestRunner" time="100.631" errors="0" timestamp="2026-06-22T00:22:47 IST" skipped="0">
  <testcase classname="runners.TestRunner" name="runScenario" time="6.110"/>
  <testcase classname="runners.TestRunner" name="runScenario" time="11.951"/>
  <testcase classname="runners.TestRunner" name="runScenario" time="15.614"/>
  <testcase classname="runners.TestRunner" name="runScenario" time="19.194"/>
  <testcase classname="runners.TestRunner" name="runScenario" time="24.080"/>
  <testcase classname="runners.TestRunner" name="runScenario" time="7.583"/>
  <testcase classname="runners.TestRunner" name="runScenario" time="16.099"/>
</testsuite> <!-- runners.TestRunner -->
